# JRE version: Java(TM) SE Runtime Environment (8.0_25-b17) (build 1.8.0_25-b17)
# Java VM: Java HotSpot(TM) 64-Bit Server VM (25.25-b02 mixed mode linux-amd64 compressed oops)
Heap:
 PSYoungGen      total 156160K, used 128126K [0x00000000f5580000, 0x0000000100000000, 0x0000000100000000)
  eden space 137728K, 93% used [0x00000000f5580000,0x00000000fd29f980,0x00000000fdc00000)
  from space 18432K, 0% used [0x00000000fee00000,0x00000000fee00000,0x0000000100000000)
  to   space 18432K, 0% used [0x00000000fdc00000,0x00000000fdc00000,0x00000000fee00000)
 ParOldGen       total 69632K, used 41598K [0x00000000e0000000, 0x00000000e4400000, 0x00000000f5580000)
  object space 69632K, 59% used [0x00000000e0000000,0x00000000e289f898,0x00000000e4400000)
 Metaspace       used 72458K, capacity 77810K, committed 78040K, reserved 1116160K
  class space    used 8771K, capacity 10445K, committed 10496K, reserved 1048576K
GC Heap History (10 events):
Event: 176.882 GC heap before
{Heap before GC invocations=23 (full 4):
 PSYoungGen      total 147456K, used 9163K [0x00000000f5580000, 0x00000000fff80000, 0x0000000100000000)
  eden space 130048K, 0% used [0x00000000f5580000,0x00000000f5580000,0x00000000fd480000)
  from space 17408K, 52% used [0x00000000fd480000,0x00000000fdd72cd0,0x00000000fe580000)
  to   space 17408K, 0% used [0x00000000fee80000,0x00000000fee80000,0x00000000fff80000)
 ParOldGen       total 69632K, used 33369K [0x00000000e0000000, 0x00000000e4400000, 0x00000000f5580000)
  object space 69632K, 47% used [0x00000000e0000000,0x00000000e2096758,0x00000000e4400000)
 Metaspace       used 61408K, capacity 66612K, committed 66776K, reserved 1107968K
  class space    used 7530K, capacity 9210K, committed 9216K, reserved 1048576K
Event: 177.102 GC heap after
Heap after GC invocations=23 (full 4):
 PSYoungGen      total 147456K, used 0K [0x00000000f5580000, 0x00000000fff80000, 0x0000000100000000)
  eden space 130048K, 0% used [0x00000000f5580000,0x00000000f5580000,0x00000000fd480000)
  from space 17408K, 0% used [0x00000000fd480000,0x00000000fd480000,0x00000000fe580000)
  to   space 17408K, 0% used [0x00000000fee80000,0x00000000fee80000,0x00000000fff80000)
 ParOldGen       total 69632K, used 38913K [0x00000000e0000000, 0x00000000e4400000, 0x00000000f5580000)
  object space 69632K, 55% used [0x00000000e0000000,0x00000000e26007f0,0x00000000e4400000)
 Metaspace       used 61408K, capacity 66612K, committed 66776K, reserved 1107968K
  class space    used 7530K, capacity 9210K, committed 9216K, reserved 1048576K
}
Event: 214.908 GC heap before
{Heap before GC invocations=24 (full 4):
 PSYoungGen      total 147456K, used 130048K [0x00000000f5580000, 0x00000000fff80000, 0x0000000100000000)
  eden space 130048K, 100% used [0x00000000f5580000,0x00000000fd480000,0x00000000fd480000)
  from space 17408K, 0% used [0x00000000fd480000,0x00000000fd480000,0x00000000fe580000)
  to   space 17408K, 0% used [0x00000000fee80000,0x00000000fee80000,0x00000000fff80000)
 ParOldGen       total 69632K, used 38913K [0x00000000e0000000, 0x00000000e4400000, 0x00000000f5580000)
  object space 69632K, 55% used [0x00000000e0000000,0x00000000e26007f0,0x00000000e4400000)
 Metaspace       used 70092K, capacity 75426K, committed 75608K, reserved 1114112K
  class space    used 8649K, capacity 10315K, committed 10368K, reserved 1048576K
Event: 215.106 GC heap after
Heap after GC invocations=24 (full 4):
 PSYoungGen      total 154112K, used 14118K [0x00000000f5580000, 0x0000000100000000, 0x0000000100000000)
  eden space 136704K, 0% used [0x00000000f5580000,0x00000000f5580000,0x00000000fdb00000)
  from space 17408K, 81% used [0x00000000fee80000,0x00000000ffc49b90,0x00000000fff80000)
  to   space 18944K, 0% used [0x00000000fdb00000,0x00000000fdb00000,0x00000000fed80000)
 ParOldGen       total 69632K, used 38921K [0x00000000e0000000, 0x00000000e4400000, 0x00000000f5580000)
  object space 69632K, 55% used [0x00000000e0000000,0x00000000e26027f0,0x00000000e4400000)
 Metaspace       used 70092K, capacity 75426K, committed 75608K, reserved 1114112K
  class space    used 8649K, capacity 10315K, committed 10368K, reserved 1048576K
}
Event: 217.240 GC heap before
{Heap before GC invocations=25 (full 4):
 PSYoungGen      total 154112K, used 150822K [0x00000000f5580000, 0x0000000100000000, 0x0000000100000000)
  eden space 136704K, 100% used [0x00000000f5580000,0x00000000fdb00000,0x00000000fdb00000)
  from space 17408K, 81% used [0x00000000fee80000,0x00000000ffc49b90,0x00000000fff80000)
  to   space 18944K, 0% used [0x00000000fdb00000,0x00000000fdb00000,0x00000000fed80000)
 ParOldGen       total 69632K, used 38921K [0x00000000e0000000, 0x00000000e4400000, 0x00000000f5580000)
  object space 69632K, 55% used [0x00000000e0000000,0x00000000e26027f0,0x00000000e4400000)
 Metaspace       used 70806K, capacity 76200K, committed 76504K, reserved 1116160K
  class space    used 8677K, capacity 10380K, committed 10496K, reserved 1048576K
Event: 217.272 GC heap after
Heap after GC invocations=25 (full 4):
 PSYoungGen      total 155648K, used 3484K [0x00000000f5580000, 0x0000000100000000, 0x0000000100000000)
  eden space 136704K, 0% used [0x00000000f5580000,0x00000000f5580000,0x00000000fdb00000)
  from space 18944K, 18% used [0x00000000fdb00000,0x00000000fde673b0,0x00000000fed80000)
  to   space 18432K, 0% used [0x00000000fee00000,0x00000000fee00000,0x0000000100000000)
 ParOldGen       total 69632K, used 45977K [0x00000000e0000000, 0x00000000e4400000, 0x00000000f5580000)
  object space 69632K, 66% used [0x00000000e0000000,0x00000000e2ce6750,0x00000000e4400000)
 Metaspace       used 70806K, capacity 76200K, committed 76504K, reserved 1116160K
  class space    used 8677K, capacity 10380K, committed 10496K, reserved 1048576K
}
Event: 236.838 GC heap before
{Heap before GC invocations=26 (full 4):
 PSYoungGen      total 155648K, used 18902K [0x00000000f5580000, 0x0000000100000000, 0x0000000100000000)
  eden space 136704K, 11% used [0x00000000f5580000,0x00000000f648e500,0x00000000fdb00000)
  from space 18944K, 18% used [0x00000000fdb00000,0x00000000fde673b0,0x00000000fed80000)
  to   space 18432K, 0% used [0x00000000fee00000,0x00000000fee00000,0x0000000100000000)
 ParOldGen       total 69632K, used 45977K [0x00000000e0000000, 0x00000000e4400000, 0x00000000f5580000)
  object space 69632K, 66% used [0x00000000e0000000,0x00000000e2ce6750,0x00000000e4400000)
 Metaspace       used 70890K, capacity 76264K, committed 76504K, reserved 1116160K
  class space    used 8684K, capacity 10380K, committed 10496K, reserved 1048576K
Event: 236.844 GC heap after
Heap after GC invocations=26 (full 4):
 PSYoungGen      total 156160K, used 416K [0x00000000f5580000, 0x0000000100000000, 0x0000000100000000)
  eden space 137728K, 0% used [0x00000000f5580000,0x00000000f5580000,0x00000000fdc00000)
  from space 18432K, 2% used [0x00000000fee00000,0x00000000fee68000,0x0000000100000000)
  to   space 18432K, 0% used [0x00000000fdc00000,0x00000000fdc00000,0x00000000fee00000)
 ParOldGen       total 69632K, used 47802K [0x00000000e0000000, 0x00000000e4400000, 0x00000000f5580000)
  object space 69632K, 68% used [0x00000000e0000000,0x00000000e2eae8a0,0x00000000e4400000)
 Metaspace       used 70890K, capacity 76264K, committed 76504K, reserved 1116160K
  class space    used 8684K, capacity 10380K, committed 10496K, reserved 1048576K
}
Event: 236.844 GC heap before
{Heap before GC invocations=27 (full 5):
 PSYoungGen      total 156160K, used 416K [0x00000000f5580000, 0x0000000100000000, 0x0000000100000000)
  eden space 137728K, 0% used [0x00000000f5580000,0x00000000f5580000,0x00000000fdc00000)
  from space 18432K, 2% used [0x00000000fee00000,0x00000000fee68000,0x0000000100000000)
  to   space 18432K, 0% used [0x00000000fdc00000,0x00000000fdc00000,0x00000000fee00000)
 ParOldGen       total 69632K, used 47802K [0x00000000e0000000, 0x00000000e4400000, 0x00000000f5580000)
  object space 69632K, 68% used [0x00000000e0000000,0x00000000e2eae8a0,0x00000000e4400000)
 Metaspace       used 70890K, capacity 76264K, committed 76504K, reserved 1116160K
  class space    used 8684K, capacity 10380K, committed 10496K, reserved 1048576K
Event: 237.114 GC heap after
Heap after GC invocations=27 (full 5):
 PSYoungGen      total 156160K, used 0K [0x00000000f5580000, 0x0000000100000000, 0x0000000100000000)
  eden space 137728K, 0% used [0x00000000f5580000,0x00000000f5580000,0x00000000fdc00000)
  from space 18432K, 0% used [0x00000000fee00000,0x00000000fee00000,0x0000000100000000)
  to   space 18432K, 0% used [0x00000000fdc00000,0x00000000fdc00000,0x00000000fee00000)
 ParOldGen       total 69632K, used 41598K [0x00000000e0000000, 0x00000000e4400000, 0x00000000f5580000)
  object space 69632K, 59% used [0x00000000e0000000,0x00000000e289f898,0x00000000e4400000)
 Metaspace       used 70890K, capacity 76264K, committed 76504K, reserved 1116160K
  class space    used 8684K, capacity 10380K, committed 10496K, reserved 1048576K
}

